\BOOKMARK [0][-]{chapter.1}{Component Effects on Fluid}{}% 1
\BOOKMARK [1][-]{section.1.1}{Background}{chapter.1}% 2
\BOOKMARK [1][-]{section.1.2}{Diffuser/Nozzle}{chapter.1}% 3
\BOOKMARK [2][-]{subsection.1.2.1}{Fluid Stagnation Pressure and Temperature}{section.1.2}% 4
\BOOKMARK [2][-]{subsection.1.2.2}{Fluid Static Pressure and Temperature}{section.1.2}% 5
\BOOKMARK [2][-]{subsection.1.2.3}{Fluid Velocity and Mach Number}{section.1.2}% 6
\BOOKMARK [2][-]{subsection.1.2.4}{Fluid Density}{section.1.2}% 7
\BOOKMARK [1][-]{section.1.3}{Compressor}{chapter.1}% 8
\BOOKMARK [2][-]{subsection.1.3.1}{Fluid Stagnation Pressure and Temperature}{section.1.3}% 9
\BOOKMARK [2][-]{subsection.1.3.2}{Fluid Static Pressure and Temperature}{section.1.3}% 10
\BOOKMARK [2][-]{subsection.1.3.3}{Fluid Velocity and Mach Number}{section.1.3}% 11
\BOOKMARK [2][-]{subsection.1.3.4}{Fluid Density}{section.1.3}% 12
\BOOKMARK [2][-]{subsection.1.3.5}{Compressor Work}{section.1.3}% 13
\BOOKMARK [1][-]{section.1.4}{HeatAddition}{chapter.1}% 14
\BOOKMARK [2][-]{subsection.1.4.1}{Power Addition}{section.1.4}% 15
\BOOKMARK [2][-]{subsection.1.4.2}{Fluid Stagnation Pressure and Temperature}{section.1.4}% 16
\BOOKMARK [2][-]{subsection.1.4.3}{Fluid Static Pressure and Temperature}{section.1.4}% 17
\BOOKMARK [2][-]{subsection.1.4.4}{Fluid Velocity and Mach Number}{section.1.4}% 18
\BOOKMARK [2][-]{subsection.1.4.5}{Fluid Density}{section.1.4}% 19
\BOOKMARK [1][-]{section.1.5}{Turbine}{chapter.1}% 20
\BOOKMARK [2][-]{subsection.1.5.1}{Work Extraction}{section.1.5}% 21
\BOOKMARK [2][-]{subsection.1.5.2}{Fluid Stagnation Temperature and Pressure}{section.1.5}% 22
\BOOKMARK [2][-]{subsection.1.5.3}{Fluid StaticTemperature and Pressure}{section.1.5}% 23
\BOOKMARK [2][-]{subsection.1.5.4}{Fluid Velocity and Mach Number}{section.1.5}% 24
\BOOKMARK [2][-]{subsection.1.5.5}{Fluid Density}{section.1.5}% 25
\BOOKMARK [1][-]{section.1.6}{Propeller}{chapter.1}% 26
\BOOKMARK [2][-]{subsection.1.6.1}{Work Extraction}{section.1.6}% 27
\BOOKMARK [2][-]{subsection.1.6.2}{Fluid Stagnation Temperature and Pressure}{section.1.6}% 28
\BOOKMARK [2][-]{subsection.1.6.3}{Fluid Static Temperature and Pressure}{section.1.6}% 29
\BOOKMARK [2][-]{subsection.1.6.4}{Fluid Velocity and Mach Number}{section.1.6}% 30
\BOOKMARK [2][-]{subsection.1.6.5}{Fluid Density}{section.1.6}% 31
